<?xml version="1.0" encoding="UTF-8"?><testrun name="Tragabolas2Test" project="Ejercicios_E3" tests="13" started="13" failures="1" errors="0" ignored="0">
  <testsuite name="Tragabolas2Test" time="2.045">
    <testcase name="testVerificadorCol1" classname="Tragabolas2Test" time="0.0"/>
    <testcase name="testVerificadorCol2" classname="Tragabolas2Test" time="0.0"/>
    <testcase name="testVerificadorCol3" classname="Tragabolas2Test" time="0.0"/>
    <testcase name="testVerificadorCol4" classname="Tragabolas2Test" time="0.0"/>
    <testcase name="testVerificadorMax1" classname="Tragabolas2Test" time="0.0"/>
    <testcase name="testVerificadorMax2" classname="Tragabolas2Test" time="0.016">
      <failure>java.lang.AssertionError: expected:&lt;false&gt; but was:&lt;true&gt;&#13;
	at org.junit.Assert.fail(Assert.java:88)&#13;
	at org.junit.Assert.failNotEquals(Assert.java:834)&#13;
	at org.junit.Assert.assertEquals(Assert.java:118)&#13;
	at org.junit.Assert.assertEquals(Assert.java:144)&#13;
	at Tragabolas2Test.testVerificadorMax2(Tragabolas2Test.java:109)&#13;
	at sun.reflect.NativeMethodAccessorImpl.invoke0(Native Method)&#13;
	at sun.reflect.NativeMethodAccessorImpl.invoke(Unknown Source)&#13;
	at sun.reflect.DelegatingMethodAccessorImpl.invoke(Unknown Source)&#13;
	at java.lang.reflect.Method.invoke(Unknown Source)&#13;
	at org.junit.runners.model.FrameworkMethod$1.runReflectiveCall(FrameworkMethod.java:50)&#13;
	at org.junit.internal.runners.model.ReflectiveCallable.run(ReflectiveCallable.java:12)&#13;
	at org.junit.runners.model.FrameworkMethod.invokeExplosively(FrameworkMethod.java:47)&#13;
	at org.junit.internal.runners.statements.InvokeMethod.evaluate(InvokeMethod.java:17)&#13;
	at org.junit.runners.ParentRunner.runLeaf(ParentRunner.java:325)&#13;
	at org.junit.runners.BlockJUnit4ClassRunner.runChild(BlockJUnit4ClassRunner.java:78)&#13;
	at org.junit.runners.BlockJUnit4ClassRunner.runChild(BlockJUnit4ClassRunner.java:57)&#13;
	at org.junit.runners.ParentRunner$3.run(ParentRunner.java:290)&#13;
	at org.junit.runners.ParentRunner$1.schedule(ParentRunner.java:71)&#13;
	at org.junit.runners.ParentRunner.runChildren(ParentRunner.java:288)&#13;
	at org.junit.runners.ParentRunner.access$000(ParentRunner.java:58)&#13;
	at org.junit.runners.ParentRunner$2.evaluate(ParentRunner.java:268)&#13;
	at org.junit.runners.ParentRunner.run(ParentRunner.java:363)&#13;
	at org.eclipse.jdt.internal.junit4.runner.JUnit4TestReference.run(JUnit4TestReference.java:86)&#13;
	at org.eclipse.jdt.internal.junit.runner.TestExecution.run(TestExecution.java:38)&#13;
	at org.eclipse.jdt.internal.junit.runner.RemoteTestRunner.runTests(RemoteTestRunner.java:459)&#13;
	at org.eclipse.jdt.internal.junit.runner.RemoteTestRunner.runTests(RemoteTestRunner.java:678)&#13;
	at org.eclipse.jdt.internal.junit.runner.RemoteTestRunner.run(RemoteTestRunner.java:382)&#13;
	at org.eclipse.jdt.internal.junit.runner.RemoteTestRunner.main(RemoteTestRunner.java:192)&#13;
&#13;
</failure>
    </testcase>
    <testcase name="testTrotar1" classname="Tragabolas2Test" time="0.0"/>
    <testcase name="testTrotar2" classname="Tragabolas2Test" time="0.0"/>
    <testcase name="testComer1" classname="Tragabolas2Test" time="1.014"/>
    <testcase name="testComer2" classname="Tragabolas2Test" time="1.015"/>
    <testcase name="testDormir1" classname="Tragabolas2Test" time="0.0"/>
    <testcase name="testDormir2" classname="Tragabolas2Test" time="0.0"/>
    <testcase name="testVerificadorCol" classname="Tragabolas2Test" time="0.0"/>
  </testsuite>
</testrun>
